[
  {
    "client": "Block Real Estate Services, LLC",
    "stage": "documents",
    "vendor_id": "69fded1a62446148bd848f61",
    "error": "HTTP 429 on /documents: <html>\r\n<head><title>429 Too Many Requests</title></head>\r\n<body>\r\n<center><h1>429 Too Many Requests</h1></center>\r\n<hr><center>nginx</center>\r\n</body>\r\n</html>\r\n",
    "sync_date": "2026-06-06"
  },
  {
    "client": "Block Real Estate Services, LLC",
    "stage": "documents",
    "vendor_id": "69fded1a62446148bd848f6d",
    "error": "HTTP 429 on /documents: <html>\r\n<head><title>429 Too Many Requests</title></head>\r\n<body>\r\n<center><h1>429 Too Many Requests</h1></center>\r\n<hr><center>nginx</center>\r\n</body>\r\n</html>\r\n",
    "sync_date": "2026-06-06"
  },
  {
    "client": "Block Real Estate Services, LLC",
    "stage": "documents",
    "vendor_id": "69fded1a62446148bd848f79",
    "error": "HTTP 429 on /documents: <html>\r\n<head><title>429 Too Many Requests</title></head>\r\n<body>\r\n<center><h1>429 Too Many Requests</h1></center>\r\n<hr><center>nginx</center>\r\n</body>\r\n</html>\r\n",
    "sync_date": "2026-06-06"
  },
  {
    "client": "Block Real Estate Services, LLC",
    "stage": "documents",
    "vendor_id": "69fded1a62446148bd848f82",
    "error": "HTTP 429 on /documents: <html>\r\n<head><title>429 Too Many Requests</title></head>\r\n<body>\r\n<center><h1>429 Too Many Requests</h1></center>\r\n<hr><center>nginx</center>\r\n</body>\r\n</html>\r\n",
    "sync_date": "2026-06-06"
  },
  {
    "client": "Block Real Estate Services, LLC",
    "stage": "documents",
    "vendor_id": "69fded1b62446148bd848f8b",
    "error": "HTTP 429 on /documents: <html>\r\n<head><title>429 Too Many Requests</title></head>\r\n<body>\r\n<center><h1>429 Too Many Requests</h1></center>\r\n<hr><center>nginx</center>\r\n</body>\r\n</html>\r\n",
    "sync_date": "2026-06-06"
  },
  {
    "client": "Block Real Estate Services, LLC",
    "stage": "documents",
    "vendor_id": "69fded1b62446148bd848f9a",
    "error": "HTTP 429 on /documents: <html>\r\n<head><title>429 Too Many Requests</title></head>\r\n<body>\r\n<center><h1>429 Too Many Requests</h1></center>\r\n<hr><center>nginx</center>\r\n</body>\r\n</html>\r\n",
    "sync_date": "2026-06-06"
  },
  {
    "client": "Block Real Estate Services, LLC",
    "stage": "documents",
    "vendor_id": "69fded1b62446148bd848fa0",
    "error": "HTTP 429 on /documents: <html>\r\n<head><title>429 Too Many Requests</title></head>\r\n<body>\r\n<center><h1>429 Too Many Requests</h1></center>\r\n<hr><center>nginx</center>\r\n</body>\r\n</html>\r\n",
    "sync_date": "2026-06-06"
  },
  {
    "client": "Block Real Estate Services, LLC",
    "stage": "documents",
    "vendor_id": "69fded1b62446148bd848f91",
    "error": "HTTP 429 on /documents: <html>\r\n<head><title>429 Too Many Requests</title></head>\r\n<body>\r\n<center><h1>429 Too Many Requests</h1></center>\r\n<hr><center>nginx</center>\r\n</body>\r\n</html>\r\n",
    "sync_date": "2026-06-06"
  },
  {
    "client": "Block Real Estate Services, LLC",
    "stage": "documents",
    "vendor_id": "69fded1b62446148bd848fc4",
    "error": "HTTP 429 on /documents: <html>\r\n<head><title>429 Too Many Requests</title></head>\r\n<body>\r\n<center><h1>429 Too Many Requests</h1></center>\r\n<hr><center>nginx</center>\r\n</body>\r\n</html>\r\n",
    "sync_date": "2026-06-06"
  },
  {
    "client": "Block Real Estate Services, LLC",
    "stage": "documents",
    "vendor_id": "69fded1b62446148bd848faf",
    "error": "HTTP 429 on /documents: <html>\r\n<head><title>429 Too Many Requests</title></head>\r\n<body>\r\n<center><h1>429 Too Many Requests</h1></center>\r\n<hr><center>nginx</center>\r\n</body>\r\n</html>\r\n",
    "sync_date": "2026-06-06"
  },
  {
    "client": "Block Real Estate Services, LLC",
    "stage": "documents",
    "vendor_id": "69fded1b62446148bd848fd9",
    "error": "HTTP 429 on /documents: <html>\r\n<head><title>429 Too Many Requests</title></head>\r\n<body>\r\n<center><h1>429 Too Many Requests</h1></center>\r\n<hr><center>nginx</center>\r\n</body>\r\n</html>\r\n",
    "sync_date": "2026-06-06"
  },
  {
    "client": "Block Real Estate Services, LLC",
    "stage": "documents",
    "vendor_id": "69fded1c62446148bd848fdc",
    "error": "HTTP 429 on /documents: <html>\r\n<head><title>429 Too Many Requests</title></head>\r\n<body>\r\n<center><h1>429 Too Many Requests</h1></center>\r\n<hr><center>nginx</center>\r\n</body>\r\n</html>\r\n",
    "sync_date": "2026-06-06"
  },
  {
    "client": "Block Real Estate Services, LLC",
    "stage": "documents",
    "vendor_id": "69fded1b62446148bd848fc7",
    "error": "HTTP 429 on /documents: <html>\r\n<head><title>429 Too Many Requests</title></head>\r\n<body>\r\n<center><h1>429 Too Many Requests</h1></center>\r\n<hr><center>nginx</center>\r\n</body>\r\n</html>\r\n",
    "sync_date": "2026-06-06"
  },
  {
    "client": "Block Real Estate Services, LLC",
    "stage": "documents",
    "vendor_id": "69fded1c62446148bd848fee",
    "error": "HTTP 429 on /documents: <html>\r\n<head><title>429 Too Many Requests</title></head>\r\n<body>\r\n<center><h1>429 Too Many Requests</h1></center>\r\n<hr><center>nginx</center>\r\n</body>\r\n</html>\r\n",
    "sync_date": "2026-06-06"
  },
  {
    "client": "Block Real Estate Services, LLC",
    "stage": "documents",
    "vendor_id": "69fded1c62446148bd849000",
    "error": "HTTP 429 on /documents: <html>\r\n<head><title>429 Too Many Requests</title></head>\r\n<body>\r\n<center><h1>429 Too Many Requests</h1></center>\r\n<hr><center>nginx</center>\r\n</body>\r\n</html>\r\n",
    "sync_date": "2026-06-06"
  },
  {
    "client": "Block Real Estate Services, LLC",
    "stage": "documents",
    "vendor_id": "69fded1c62446148bd849003",
    "error": "HTTP 429 on /documents: <html>\r\n<head><title>429 Too Many Requests</title></head>\r\n<body>\r\n<center><h1>429 Too Many Requests</h1></center>\r\n<hr><center>nginx</center>\r\n</body>\r\n</html>\r\n",
    "sync_date": "2026-06-06"
  },
  {
    "client": "Block Real Estate Services, LLC",
    "stage": "documents",
    "vendor_id": "69fded1c62446148bd84900f",
    "error": "HTTP 429 on /documents: <html>\r\n<head><title>429 Too Many Requests</title></head>\r\n<body>\r\n<center><h1>429 Too Many Requests</h1></center>\r\n<hr><center>nginx</center>\r\n</body>\r\n</html>\r\n",
    "sync_date": "2026-06-06"
  },
  {
    "client": "Block Real Estate Services, LLC",
    "stage": "documents",
    "vendor_id": "69fded1c62446148bd849015",
    "error": "HTTP 429 on /documents: <html>\r\n<head><title>429 Too Many Requests</title></head>\r\n<body>\r\n<center><h1>429 Too Many Requests</h1></center>\r\n<hr><center>nginx</center>\r\n</body>\r\n</html>\r\n",
    "sync_date": "2026-06-06"
  },
  {
    "client": "Block Real Estate Services, LLC",
    "stage": "documents",
    "vendor_id": "69fded1c62446148bd84901e",
    "error": "HTTP 429 on /documents: <html>\r\n<head><title>429 Too Many Requests</title></head>\r\n<body>\r\n<center><h1>429 Too Many Requests</h1></center>\r\n<hr><center>nginx</center>\r\n</body>\r\n</html>\r\n",
    "sync_date": "2026-06-06"
  },
  {
    "client": "Block Real Estate Services, LLC",
    "stage": "documents",
    "vendor_id": "69fded1c62446148bd849027",
    "error": "HTTP 429 on /documents: <html>\r\n<head><title>429 Too Many Requests</title></head>\r\n<body>\r\n<center><h1>429 Too Many Requests</h1></center>\r\n<hr><center>nginx</center>\r\n</body>\r\n</html>\r\n",
    "sync_date": "2026-06-06"
  },
  {
    "client": "Block Real Estate Services, LLC",
    "stage": "documents",
    "vendor_id": "69fded1d62446148bd849030",
    "error": "HTTP 429 on /documents: <html>\r\n<head><title>429 Too Many Requests</title></head>\r\n<body>\r\n<center><h1>429 Too Many Requests</h1></center>\r\n<hr><center>nginx</center>\r\n</body>\r\n</html>\r\n",
    "sync_date": "2026-06-06"
  },
  {
    "client": "Block Real Estate Services, LLC",
    "stage": "documents",
    "vendor_id": "69fded1d62446148bd84903f",
    "error": "HTTP 429 on /documents: <html>\r\n<head><title>429 Too Many Requests</title></head>\r\n<body>\r\n<center><h1>429 Too Many Requests</h1></center>\r\n<hr><center>nginx</center>\r\n</body>\r\n</html>\r\n",
    "sync_date": "2026-06-06"
  },
  {
    "client": "Block Real Estate Services, LLC",
    "stage": "documents",
    "vendor_id": "69fded1d62446148bd849048",
    "error": "HTTP 429 on /documents: <html>\r\n<head><title>429 Too Many Requests</title></head>\r\n<body>\r\n<center><h1>429 Too Many Requests</h1></center>\r\n<hr><center>nginx</center>\r\n</body>\r\n</html>\r\n",
    "sync_date": "2026-06-06"
  },
  {
    "client": "Block Real Estate Services, LLC",
    "stage": "documents",
    "vendor_id": "69fded1d62446148bd84904b",
    "error": "HTTP 429 on /documents: <html>\r\n<head><title>429 Too Many Requests</title></head>\r\n<body>\r\n<center><h1>429 Too Many Requests</h1></center>\r\n<hr><center>nginx</center>\r\n</body>\r\n</html>\r\n",
    "sync_date": "2026-06-06"
  },
  {
    "client": "Block Real Estate Services, LLC",
    "stage": "documents",
    "vendor_id": "69fded1d62446148bd849051",
    "error": "HTTP 429 on /documents: <html>\r\n<head><title>429 Too Many Requests</title></head>\r\n<body>\r\n<center><h1>429 Too Many Requests</h1></center>\r\n<hr><center>nginx</center>\r\n</body>\r\n</html>\r\n",
    "sync_date": "2026-06-06"
  },
  {
    "client": "Block Real Estate Services, LLC",
    "stage": "documents",
    "vendor_id": "69fded1d62446148bd849057",
    "error": "HTTP 429 on /documents: <html>\r\n<head><title>429 Too Many Requests</title></head>\r\n<body>\r\n<center><h1>429 Too Many Requests</h1></center>\r\n<hr><center>nginx</center>\r\n</body>\r\n</html>\r\n",
    "sync_date": "2026-06-06"
  },
  {
    "client": "Block Real Estate Services, LLC",
    "stage": "documents",
    "vendor_id": "69fded1d62446148bd84905d",
    "error": "HTTP 429 on /documents: <html>\r\n<head><title>429 Too Many Requests</title></head>\r\n<body>\r\n<center><h1>429 Too Many Requests</h1></center>\r\n<hr><center>nginx</center>\r\n</body>\r\n</html>\r\n",
    "sync_date": "2026-06-06"
  },
  {
    "client": "Block Real Estate Services, LLC",
    "stage": "documents",
    "vendor_id": "69fded1d62446148bd849063",
    "error": "HTTP 429 on /documents: <html>\r\n<head><title>429 Too Many Requests</title></head>\r\n<body>\r\n<center><h1>429 Too Many Requests</h1></center>\r\n<hr><center>nginx</center>\r\n</body>\r\n</html>\r\n",
    "sync_date": "2026-06-06"
  },
  {
    "client": "Block Real Estate Services, LLC",
    "stage": "documents",
    "vendor_id": "69fded1d62446148bd84906c",
    "error": "HTTP 429 on /documents: <html>\r\n<head><title>429 Too Many Requests</title></head>\r\n<body>\r\n<center><h1>429 Too Many Requests</h1></center>\r\n<hr><center>nginx</center>\r\n</body>\r\n</html>\r\n",
    "sync_date": "2026-06-06"
  },
  {
    "client": "Block Real Estate Services, LLC",
    "stage": "documents",
    "vendor_id": "69fded1d62446148bd84906f",
    "error": "HTTP 429 on /documents: <html>\r\n<head><title>429 Too Many Requests</title></head>\r\n<body>\r\n<center><h1>429 Too Many Requests</h1></center>\r\n<hr><center>nginx</center>\r\n</body>\r\n</html>\r\n",
    "sync_date": "2026-06-06"
  },
  {
    "client": "Block Real Estate Services, LLC",
    "stage": "documents",
    "vendor_id": "69fded1d62446148bd84907b",
    "error": "HTTP 429 on /documents: <html>\r\n<head><title>429 Too Many Requests</title></head>\r\n<body>\r\n<center><h1>429 Too Many Requests</h1></center>\r\n<hr><center>nginx</center>\r\n</body>\r\n</html>\r\n",
    "sync_date": "2026-06-06"
  },
  {
    "client": "Block Real Estate Services, LLC",
    "stage": "documents",
    "vendor_id": "69fded1d62446148bd84907e",
    "error": "HTTP 429 on /documents: <html>\r\n<head><title>429 Too Many Requests</title></head>\r\n<body>\r\n<center><h1>429 Too Many Requests</h1></center>\r\n<hr><center>nginx</center>\r\n</body>\r\n</html>\r\n",
    "sync_date": "2026-06-06"
  },
  {
    "client": "Block Real Estate Services, LLC",
    "stage": "documents",
    "vendor_id": "69fded1d62446148bd849084",
    "error": "HTTP 429 on /documents: <html>\r\n<head><title>429 Too Many Requests</title></head>\r\n<body>\r\n<center><h1>429 Too Many Requests</h1></center>\r\n<hr><center>nginx</center>\r\n</body>\r\n</html>\r\n",
    "sync_date": "2026-06-06"
  },
  {
    "client": "Block Real Estate Services, LLC",
    "stage": "documents",
    "vendor_id": "69fded1e62446148bd84908d",
    "error": "HTTP 429 on /documents: <html>\r\n<head><title>429 Too Many Requests</title></head>\r\n<body>\r\n<center><h1>429 Too Many Requests</h1></center>\r\n<hr><center>nginx</center>\r\n</body>\r\n</html>\r\n",
    "sync_date": "2026-06-06"
  },
  {
    "client": "Block Real Estate Services, LLC",
    "stage": "documents",
    "vendor_id": "69fded1d62446148bd849072",
    "error": "HTTP 429 on /documents: <html>\r\n<head><title>429 Too Many Requests</title></head>\r\n<body>\r\n<center><h1>429 Too Many Requests</h1></center>\r\n<hr><center>nginx</center>\r\n</body>\r\n</html>\r\n",
    "sync_date": "2026-06-06"
  },
  {
    "client": "Block Real Estate Services, LLC",
    "stage": "documents",
    "vendor_id": "69fded1e62446148bd8490a2",
    "error": "HTTP 429 on /documents: <html>\r\n<head><title>429 Too Many Requests</title></head>\r\n<body>\r\n<center><h1>429 Too Many Requests</h1></center>\r\n<hr><center>nginx</center>\r\n</body>\r\n</html>\r\n",
    "sync_date": "2026-06-06"
  },
  {
    "client": "Block Real Estate Services, LLC",
    "stage": "documents",
    "vendor_id": "69fded1e62446148bd8490a8",
    "error": "HTTP 429 on /documents: <html>\r\n<head><title>429 Too Many Requests</title></head>\r\n<body>\r\n<center><h1>429 Too Many Requests</h1></center>\r\n<hr><center>nginx</center>\r\n</body>\r\n</html>\r\n",
    "sync_date": "2026-06-06"
  },
  {
    "client": "Block Real Estate Services, LLC",
    "stage": "documents",
    "vendor_id": "69fded1e62446148bd8490b1",
    "error": "HTTP 429 on /documents: <html>\r\n<head><title>429 Too Many Requests</title></head>\r\n<body>\r\n<center><h1>429 Too Many Requests</h1></center>\r\n<hr><center>nginx</center>\r\n</body>\r\n</html>\r\n",
    "sync_date": "2026-06-06"
  },
  {
    "client": "Block Real Estate Services, LLC",
    "stage": "documents",
    "vendor_id": "69fded1e62446148bd8490b7",
    "error": "HTTP 429 on /documents: <html>\r\n<head><title>429 Too Many Requests</title></head>\r\n<body>\r\n<center><h1>429 Too Many Requests</h1></center>\r\n<hr><center>nginx</center>\r\n</body>\r\n</html>\r\n",
    "sync_date": "2026-06-06"
  },
  {
    "client": "Block Real Estate Services, LLC",
    "stage": "documents",
    "vendor_id": "69fded1e62446148bd8490bd",
    "error": "HTTP 429 on /documents: <html>\r\n<head><title>429 Too Many Requests</title></head>\r\n<body>\r\n<center><h1>429 Too Many Requests</h1></center>\r\n<hr><center>nginx</center>\r\n</body>\r\n</html>\r\n",
    "sync_date": "2026-06-06"
  },
  {
    "client": "Block Real Estate Services, LLC",
    "stage": "documents",
    "vendor_id": "69fded1e62446148bd8490c3",
    "error": "HTTP 429 on /documents: <html>\r\n<head><title>429 Too Many Requests</title></head>\r\n<body>\r\n<center><h1>429 Too Many Requests</h1></center>\r\n<hr><center>nginx</center>\r\n</body>\r\n</html>\r\n",
    "sync_date": "2026-06-06"
  },
  {
    "client": "Block Real Estate Services, LLC",
    "stage": "documents",
    "vendor_id": "69fded1e62446148bd8490c9",
    "error": "HTTP 429 on /documents: <html>\r\n<head><title>429 Too Many Requests</title></head>\r\n<body>\r\n<center><h1>429 Too Many Requests</h1></center>\r\n<hr><center>nginx</center>\r\n</body>\r\n</html>\r\n",
    "sync_date": "2026-06-06"
  },
  {
    "client": "Block Real Estate Services, LLC",
    "stage": "documents",
    "vendor_id": "69fded1e62446148bd8490cf",
    "error": "HTTP 429 on /documents: <html>\r\n<head><title>429 Too Many Requests</title></head>\r\n<body>\r\n<center><h1>429 Too Many Requests</h1></center>\r\n<hr><center>nginx</center>\r\n</body>\r\n</html>\r\n",
    "sync_date": "2026-06-06"
  },
  {
    "client": "Block Real Estate Services, LLC",
    "stage": "documents",
    "vendor_id": "69fded1f62446148bd8490de",
    "error": "HTTP 429 on /documents: <html>\r\n<head><title>429 Too Many Requests</title></head>\r\n<body>\r\n<center><h1>429 Too Many Requests</h1></center>\r\n<hr><center>nginx</center>\r\n</body>\r\n</html>\r\n",
    "sync_date": "2026-06-06"
  },
  {
    "client": "Block Real Estate Services, LLC",
    "stage": "documents",
    "vendor_id": "69fded1f62446148bd8490e4",
    "error": "HTTP 429 on /documents: <html>\r\n<head><title>429 Too Many Requests</title></head>\r\n<body>\r\n<center><h1>429 Too Many Requests</h1></center>\r\n<hr><center>nginx</center>\r\n</body>\r\n</html>\r\n",
    "sync_date": "2026-06-06"
  },
  {
    "client": "Block Real Estate Services, LLC",
    "stage": "documents",
    "vendor_id": "69fded1f62446148bd8490ea",
    "error": "HTTP 429 on /documents: <html>\r\n<head><title>429 Too Many Requests</title></head>\r\n<body>\r\n<center><h1>429 Too Many Requests</h1></center>\r\n<hr><center>nginx</center>\r\n</body>\r\n</html>\r\n",
    "sync_date": "2026-06-06"
  },
  {
    "client": "Block Real Estate Services, LLC",
    "stage": "documents",
    "vendor_id": "69fded1f62446148bd8490f0",
    "error": "HTTP 429 on /documents: <html>\r\n<head><title>429 Too Many Requests</title></head>\r\n<body>\r\n<center><h1>429 Too Many Requests</h1></center>\r\n<hr><center>nginx</center>\r\n</body>\r\n</html>\r\n",
    "sync_date": "2026-06-06"
  },
  {
    "client": "Block Real Estate Services, LLC",
    "stage": "documents",
    "vendor_id": "69fded1f62446148bd8490f9",
    "error": "HTTP 429 on /documents: <html>\r\n<head><title>429 Too Many Requests</title></head>\r\n<body>\r\n<center><h1>429 Too Many Requests</h1></center>\r\n<hr><center>nginx</center>\r\n</body>\r\n</html>\r\n",
    "sync_date": "2026-06-06"
  },
  {
    "client": "Block Real Estate Services, LLC",
    "stage": "documents",
    "vendor_id": "69fded1f62446148bd8490ff",
    "error": "HTTP 429 on /documents: <html>\r\n<head><title>429 Too Many Requests</title></head>\r\n<body>\r\n<center><h1>429 Too Many Requests</h1></center>\r\n<hr><center>nginx</center>\r\n</body>\r\n</html>\r\n",
    "sync_date": "2026-06-06"
  },
  {
    "client": "Block Real Estate Services, LLC",
    "stage": "documents",
    "vendor_id": "69fded1f62446148bd849105",
    "error": "HTTP 429 on /documents: <html>\r\n<head><title>429 Too Many Requests</title></head>\r\n<body>\r\n<center><h1>429 Too Many Requests</h1></center>\r\n<hr><center>nginx</center>\r\n</body>\r\n</html>\r\n",
    "sync_date": "2026-06-06"
  },
  {
    "client": "Block Real Estate Services, LLC",
    "stage": "documents",
    "vendor_id": "69fded1f62446148bd84910b",
    "error": "HTTP 429 on /documents: <html>\r\n<head><title>429 Too Many Requests</title></head>\r\n<body>\r\n<center><h1>429 Too Many Requests</h1></center>\r\n<hr><center>nginx</center>\r\n</body>\r\n</html>\r\n",
    "sync_date": "2026-06-06"
  },
  {
    "client": "Block Real Estate Services, LLC",
    "stage": "documents",
    "vendor_id": "69fded1f62446148bd849114",
    "error": "HTTP 429 on /documents: <html>\r\n<head><title>429 Too Many Requests</title></head>\r\n<body>\r\n<center><h1>429 Too Many Requests</h1></center>\r\n<hr><center>nginx</center>\r\n</body>\r\n</html>\r\n",
    "sync_date": "2026-06-06"
  },
  {
    "client": "Block Real Estate Services, LLC",
    "stage": "documents",
    "vendor_id": "69fded1f62446148bd84911a",
    "error": "HTTP 429 on /documents: <html>\r\n<head><title>429 Too Many Requests</title></head>\r\n<body>\r\n<center><h1>429 Too Many Requests</h1></center>\r\n<hr><center>nginx</center>\r\n</body>\r\n</html>\r\n",
    "sync_date": "2026-06-06"
  },
  {
    "client": "Block Real Estate Services, LLC",
    "stage": "documents",
    "vendor_id": "69fded2062446148bd84912f",
    "error": "HTTP 429 on /documents: <html>\r\n<head><title>429 Too Many Requests</title></head>\r\n<body>\r\n<center><h1>429 Too Many Requests</h1></center>\r\n<hr><center>nginx</center>\r\n</body>\r\n</html>\r\n",
    "sync_date": "2026-06-06"
  },
  {
    "client": "Block Real Estate Services, LLC",
    "stage": "documents",
    "vendor_id": "69fded2062446148bd849132",
    "error": "HTTP 429 on /documents: <html>\r\n<head><title>429 Too Many Requests</title></head>\r\n<body>\r\n<center><h1>429 Too Many Requests</h1></center>\r\n<hr><center>nginx</center>\r\n</body>\r\n</html>\r\n",
    "sync_date": "2026-06-06"
  },
  {
    "client": "Block Real Estate Services, LLC",
    "stage": "documents",
    "vendor_id": "69fded2062446148bd849168",
    "error": "HTTP 429 on /documents: <html>\r\n<head><title>429 Too Many Requests</title></head>\r\n<body>\r\n<center><h1>429 Too Many Requests</h1></center>\r\n<hr><center>nginx</center>\r\n</body>\r\n</html>\r\n",
    "sync_date": "2026-06-06"
  },
  {
    "client": "Block Real Estate Services, LLC",
    "stage": "documents",
    "vendor_id": "69fded2062446148bd84916e",
    "error": "HTTP 429 on /documents: <html>\r\n<head><title>429 Too Many Requests</title></head>\r\n<body>\r\n<center><h1>429 Too Many Requests</h1></center>\r\n<hr><center>nginx</center>\r\n</body>\r\n</html>\r\n",
    "sync_date": "2026-06-06"
  },
  {
    "client": "Block Real Estate Services, LLC",
    "stage": "documents",
    "vendor_id": "69fded2062446148bd849171",
    "error": "HTTP 429 on /documents: <html>\r\n<head><title>429 Too Many Requests</title></head>\r\n<body>\r\n<center><h1>429 Too Many Requests</h1></center>\r\n<hr><center>nginx</center>\r\n</body>\r\n</html>\r\n",
    "sync_date": "2026-06-06"
  },
  {
    "client": "Block Real Estate Services, LLC",
    "stage": "documents",
    "vendor_id": "69fded2162446148bd849180",
    "error": "HTTP 429 on /documents: <html>\r\n<head><title>429 Too Many Requests</title></head>\r\n<body>\r\n<center><h1>429 Too Many Requests</h1></center>\r\n<hr><center>nginx</center>\r\n</body>\r\n</html>\r\n",
    "sync_date": "2026-06-06"
  },
  {
    "client": "Block Real Estate Services, LLC",
    "stage": "documents",
    "vendor_id": "69fded2162446148bd849189",
    "error": "HTTP 429 on /documents: <html>\r\n<head><title>429 Too Many Requests</title></head>\r\n<body>\r\n<center><h1>429 Too Many Requests</h1></center>\r\n<hr><center>nginx</center>\r\n</body>\r\n</html>\r\n",
    "sync_date": "2026-06-06"
  },
  {
    "client": "Block Real Estate Services, LLC",
    "stage": "documents",
    "vendor_id": "69fded2162446148bd849195",
    "error": "HTTP 429 on /documents: <html>\r\n<head><title>429 Too Many Requests</title></head>\r\n<body>\r\n<center><h1>429 Too Many Requests</h1></center>\r\n<hr><center>nginx</center>\r\n</body>\r\n</html>\r\n",
    "sync_date": "2026-06-06"
  },
  {
    "client": "Block Real Estate Services, LLC",
    "stage": "documents",
    "vendor_id": "69fded2162446148bd849198",
    "error": "HTTP 429 on /documents: <html>\r\n<head><title>429 Too Many Requests</title></head>\r\n<body>\r\n<center><h1>429 Too Many Requests</h1></center>\r\n<hr><center>nginx</center>\r\n</body>\r\n</html>\r\n",
    "sync_date": "2026-06-06"
  },
  {
    "client": "Block Real Estate Services, LLC",
    "stage": "documents",
    "vendor_id": "69fded2162446148bd8491a4",
    "error": "HTTP 429 on /documents: <html>\r\n<head><title>429 Too Many Requests</title></head>\r\n<body>\r\n<center><h1>429 Too Many Requests</h1></center>\r\n<hr><center>nginx</center>\r\n</body>\r\n</html>\r\n",
    "sync_date": "2026-06-06"
  },
  {
    "client": "Block Real Estate Services, LLC",
    "stage": "documents",
    "vendor_id": "69fded2162446148bd8491b0",
    "error": "HTTP 429 on /documents: <html>\r\n<head><title>429 Too Many Requests</title></head>\r\n<body>\r\n<center><h1>429 Too Many Requests</h1></center>\r\n<hr><center>nginx</center>\r\n</body>\r\n</html>\r\n",
    "sync_date": "2026-06-06"
  },
  {
    "client": "Block Real Estate Services, LLC",
    "stage": "documents",
    "vendor_id": "69fded2162446148bd8491b6",
    "error": "HTTP 429 on /documents: <html>\r\n<head><title>429 Too Many Requests</title></head>\r\n<body>\r\n<center><h1>429 Too Many Requests</h1></center>\r\n<hr><center>nginx</center>\r\n</body>\r\n</html>\r\n",
    "sync_date": "2026-06-06"
  },
  {
    "client": "Block Real Estate Services, LLC",
    "stage": "documents",
    "vendor_id": "69fded2162446148bd8491bc",
    "error": "HTTP 429 on /documents: <html>\r\n<head><title>429 Too Many Requests</title></head>\r\n<body>\r\n<center><h1>429 Too Many Requests</h1></center>\r\n<hr><center>nginx</center>\r\n</body>\r\n</html>\r\n",
    "sync_date": "2026-06-06"
  },
  {
    "client": "Block Real Estate Services, LLC",
    "stage": "documents",
    "vendor_id": "69fded2262446148bd8491dd",
    "error": "HTTP 429 on /documents: <html>\r\n<head><title>429 Too Many Requests</title></head>\r\n<body>\r\n<center><h1>429 Too Many Requests</h1></center>\r\n<hr><center>nginx</center>\r\n</body>\r\n</html>\r\n",
    "sync_date": "2026-06-06"
  },
  {
    "client": "Block Real Estate Services, LLC",
    "stage": "documents",
    "vendor_id": "69fded2262446148bd8491e9",
    "error": "HTTP 429 on /documents: <html>\r\n<head><title>429 Too Many Requests</title></head>\r\n<body>\r\n<center><h1>429 Too Many Requests</h1></center>\r\n<hr><center>nginx</center>\r\n</body>\r\n</html>\r\n",
    "sync_date": "2026-06-06"
  },
  {
    "client": "Block Real Estate Services, LLC",
    "stage": "documents",
    "vendor_id": "69fded2262446148bd8491e3",
    "error": "HTTP 429 on /documents: <html>\r\n<head><title>429 Too Many Requests</title></head>\r\n<body>\r\n<center><h1>429 Too Many Requests</h1></center>\r\n<hr><center>nginx</center>\r\n</body>\r\n</html>\r\n",
    "sync_date": "2026-06-06"
  },
  {
    "client": "Block Real Estate Services, LLC",
    "stage": "documents",
    "vendor_id": "69fded2262446148bd849201",
    "error": "HTTP 429 on /documents: <html>\r\n<head><title>429 Too Many Requests</title></head>\r\n<body>\r\n<center><h1>429 Too Many Requests</h1></center>\r\n<hr><center>nginx</center>\r\n</body>\r\n</html>\r\n",
    "sync_date": "2026-06-06"
  },
  {
    "client": "Block Real Estate Services, LLC",
    "stage": "documents",
    "vendor_id": "69fded2262446148bd84920a",
    "error": "HTTP 429 on /documents: <html>\r\n<head><title>429 Too Many Requests</title></head>\r\n<body>\r\n<center><h1>429 Too Many Requests</h1></center>\r\n<hr><center>nginx</center>\r\n</body>\r\n</html>\r\n",
    "sync_date": "2026-06-06"
  },
  {
    "client": "Block Real Estate Services, LLC",
    "stage": "documents",
    "vendor_id": "69fded2262446148bd849213",
    "error": "HTTP 429 on /documents: <html>\r\n<head><title>429 Too Many Requests</title></head>\r\n<body>\r\n<center><h1>429 Too Many Requests</h1></center>\r\n<hr><center>nginx</center>\r\n</body>\r\n</html>\r\n",
    "sync_date": "2026-06-06"
  },
  {
    "client": "Block Real Estate Services, LLC",
    "stage": "documents",
    "vendor_id": "69fded2262446148bd849219",
    "error": "HTTP 429 on /documents: <html>\r\n<head><title>429 Too Many Requests</title></head>\r\n<body>\r\n<center><h1>429 Too Many Requests</h1></center>\r\n<hr><center>nginx</center>\r\n</body>\r\n</html>\r\n",
    "sync_date": "2026-06-06"
  },
  {
    "client": "Block Real Estate Services, LLC",
    "stage": "documents",
    "vendor_id": "69fded2262446148bd84920d",
    "error": "HTTP 429 on /documents: <html>\r\n<head><title>429 Too Many Requests</title></head>\r\n<body>\r\n<center><h1>429 Too Many Requests</h1></center>\r\n<hr><center>nginx</center>\r\n</body>\r\n</html>\r\n",
    "sync_date": "2026-06-06"
  },
  {
    "client": "Block Real Estate Services, LLC",
    "stage": "documents",
    "vendor_id": "69fded2362446148bd849231",
    "error": "HTTP 429 on /documents: <html>\r\n<head><title>429 Too Many Requests</title></head>\r\n<body>\r\n<center><h1>429 Too Many Requests</h1></center>\r\n<hr><center>nginx</center>\r\n</body>\r\n</html>\r\n",
    "sync_date": "2026-06-06"
  },
  {
    "client": "Block Real Estate Services, LLC",
    "stage": "documents",
    "vendor_id": "69fded2362446148bd849234",
    "error": "HTTP 429 on /documents: <html>\r\n<head><title>429 Too Many Requests</title></head>\r\n<body>\r\n<center><h1>429 Too Many Requests</h1></center>\r\n<hr><center>nginx</center>\r\n</body>\r\n</html>\r\n",
    "sync_date": "2026-06-06"
  },
  {
    "client": "Block Real Estate Services, LLC",
    "stage": "documents",
    "vendor_id": "69fded2362446148bd84923d",
    "error": "HTTP 429 on /documents: <html>\r\n<head><title>429 Too Many Requests</title></head>\r\n<body>\r\n<center><h1>429 Too Many Requests</h1></center>\r\n<hr><center>nginx</center>\r\n</body>\r\n</html>\r\n",
    "sync_date": "2026-06-06"
  },
  {
    "client": "Block Real Estate Services, LLC",
    "stage": "documents",
    "vendor_id": "69fded2362446148bd849240",
    "error": "HTTP 429 on /documents: <html>\r\n<head><title>429 Too Many Requests</title></head>\r\n<body>\r\n<center><h1>429 Too Many Requests</h1></center>\r\n<hr><center>nginx</center>\r\n</body>\r\n</html>\r\n",
    "sync_date": "2026-06-06"
  },
  {
    "client": "Block Real Estate Services, LLC",
    "stage": "documents",
    "vendor_id": "69fded2362446148bd849243",
    "error": "HTTP 429 on /documents: <html>\r\n<head><title>429 Too Many Requests</title></head>\r\n<body>\r\n<center><h1>429 Too Many Requests</h1></center>\r\n<hr><center>nginx</center>\r\n</body>\r\n</html>\r\n",
    "sync_date": "2026-06-06"
  },
  {
    "client": "Block Real Estate Services, LLC",
    "stage": "documents",
    "vendor_id": "69fded2362446148bd849252",
    "error": "HTTP 429 on /documents: <html>\r\n<head><title>429 Too Many Requests</title></head>\r\n<body>\r\n<center><h1>429 Too Many Requests</h1></center>\r\n<hr><center>nginx</center>\r\n</body>\r\n</html>\r\n",
    "sync_date": "2026-06-06"
  },
  {
    "client": "Block Real Estate Services, LLC",
    "stage": "documents",
    "vendor_id": "69fded2362446148bd849264",
    "error": "HTTP 429 on /documents: <html>\r\n<head><title>429 Too Many Requests</title></head>\r\n<body>\r\n<center><h1>429 Too Many Requests</h1></center>\r\n<hr><center>nginx</center>\r\n</body>\r\n</html>\r\n",
    "sync_date": "2026-06-06"
  },
  {
    "client": "Block Real Estate Services, LLC",
    "stage": "documents",
    "vendor_id": "69fded2362446148bd84926a",
    "error": "HTTP 429 on /documents: <html>\r\n<head><title>429 Too Many Requests</title></head>\r\n<body>\r\n<center><h1>429 Too Many Requests</h1></center>\r\n<hr><center>nginx</center>\r\n</body>\r\n</html>\r\n",
    "sync_date": "2026-06-06"
  },
  {
    "client": "Block Real Estate Services, LLC",
    "stage": "documents",
    "vendor_id": "69fded2362446148bd849270",
    "error": "HTTP 429 on /documents: <html>\r\n<head><title>429 Too Many Requests</title></head>\r\n<body>\r\n<center><h1>429 Too Many Requests</h1></center>\r\n<hr><center>nginx</center>\r\n</body>\r\n</html>\r\n",
    "sync_date": "2026-06-06"
  },
  {
    "client": "Block Real Estate Services, LLC",
    "stage": "documents",
    "vendor_id": "69fded2362446148bd849273",
    "error": "HTTP 429 on /documents: <html>\r\n<head><title>429 Too Many Requests</title></head>\r\n<body>\r\n<center><h1>429 Too Many Requests</h1></center>\r\n<hr><center>nginx</center>\r\n</body>\r\n</html>\r\n",
    "sync_date": "2026-06-06"
  },
  {
    "client": "Block Real Estate Services, LLC",
    "stage": "documents",
    "vendor_id": "69fded2462446148bd84927c",
    "error": "HTTP 429 on /documents: <html>\r\n<head><title>429 Too Many Requests</title></head>\r\n<body>\r\n<center><h1>429 Too Many Requests</h1></center>\r\n<hr><center>nginx</center>\r\n</body>\r\n</html>\r\n",
    "sync_date": "2026-06-06"
  },
  {
    "client": "Block Real Estate Services, LLC",
    "stage": "documents",
    "vendor_id": "69fded2462446148bd849282",
    "error": "HTTP 429 on /documents: <html>\r\n<head><title>429 Too Many Requests</title></head>\r\n<body>\r\n<center><h1>429 Too Many Requests</h1></center>\r\n<hr><center>nginx</center>\r\n</body>\r\n</html>\r\n",
    "sync_date": "2026-06-06"
  },
  {
    "client": "Block Real Estate Services, LLC",
    "stage": "documents",
    "vendor_id": "69fded2462446148bd84928b",
    "error": "HTTP 429 on /documents: <html>\r\n<head><title>429 Too Many Requests</title></head>\r\n<body>\r\n<center><h1>429 Too Many Requests</h1></center>\r\n<hr><center>nginx</center>\r\n</body>\r\n</html>\r\n",
    "sync_date": "2026-06-06"
  },
  {
    "client": "Block Real Estate Services, LLC",
    "stage": "documents",
    "vendor_id": "69fded2462446148bd849297",
    "error": "HTTP 429 on /documents: <html>\r\n<head><title>429 Too Many Requests</title></head>\r\n<body>\r\n<center><h1>429 Too Many Requests</h1></center>\r\n<hr><center>nginx</center>\r\n</body>\r\n</html>\r\n",
    "sync_date": "2026-06-06"
  },
  {
    "client": "Block Real Estate Services, LLC",
    "stage": "documents",
    "vendor_id": "69fded2462446148bd8492b5",
    "error": "HTTP 429 on /documents: <html>\r\n<head><title>429 Too Many Requests</title></head>\r\n<body>\r\n<center><h1>429 Too Many Requests</h1></center>\r\n<hr><center>nginx</center>\r\n</body>\r\n</html>\r\n",
    "sync_date": "2026-06-06"
  },
  {
    "client": "Block Real Estate Services, LLC",
    "stage": "documents",
    "vendor_id": "69fded2462446148bd8492a6",
    "error": "HTTP 429 on /documents: <html>\r\n<head><title>429 Too Many Requests</title></head>\r\n<body>\r\n<center><h1>429 Too Many Requests</h1></center>\r\n<hr><center>nginx</center>\r\n</body>\r\n</html>\r\n",
    "sync_date": "2026-06-06"
  },
  {
    "client": "Block Real Estate Services, LLC",
    "stage": "documents",
    "vendor_id": "69fded2562446148bd8492d0",
    "error": "HTTP 429 on /documents: <html>\r\n<head><title>429 Too Many Requests</title></head>\r\n<body>\r\n<center><h1>429 Too Many Requests</h1></center>\r\n<hr><center>nginx</center>\r\n</body>\r\n</html>\r\n",
    "sync_date": "2026-06-06"
  },
  {
    "client": "Block Real Estate Services, LLC",
    "stage": "documents",
    "vendor_id": "69fded2562446148bd8492d6",
    "error": "HTTP 429 on /documents: <html>\r\n<head><title>429 Too Many Requests</title></head>\r\n<body>\r\n<center><h1>429 Too Many Requests</h1></center>\r\n<hr><center>nginx</center>\r\n</body>\r\n</html>\r\n",
    "sync_date": "2026-06-06"
  },
  {
    "client": "Block Real Estate Services, LLC",
    "stage": "documents",
    "vendor_id": "6a16fbaf1814afc0f5360986",
    "error": "HTTP 429 on /documents: <html>\r\n<head><title>429 Too Many Requests</title></head>\r\n<body>\r\n<center><h1>429 Too Many Requests</h1></center>\r\n<hr><center>nginx</center>\r\n</body>\r\n</html>\r\n",
    "sync_date": "2026-06-06"
  },
  {
    "client": "Block Real Estate Services, LLC",
    "stage": "documents",
    "vendor_id": "6a170fafee5ef0b8dcf50e8a",
    "error": "HTTP 429 on /documents: <html>\r\n<head><title>429 Too Many Requests</title></head>\r\n<body>\r\n<center><h1>429 Too Many Requests</h1></center>\r\n<hr><center>nginx</center>\r\n</body>\r\n</html>\r\n",
    "sync_date": "2026-06-06"
  },
  {
    "client": "Block Real Estate Services, LLC",
    "stage": "documents",
    "vendor_id": "6a171027da8b48075226e443",
    "error": "HTTP 429 on /documents: <html>\r\n<head><title>429 Too Many Requests</title></head>\r\n<body>\r\n<center><h1>429 Too Many Requests</h1></center>\r\n<hr><center>nginx</center>\r\n</body>\r\n</html>\r\n",
    "sync_date": "2026-06-06"
  },
  {
    "client": "Block Real Estate Services, LLC",
    "stage": "documents",
    "vendor_id": "6a17103e4ee870c0f8575639",
    "error": "HTTP 429 on /documents: <html>\r\n<head><title>429 Too Many Requests</title></head>\r\n<body>\r\n<center><h1>429 Too Many Requests</h1></center>\r\n<hr><center>nginx</center>\r\n</body>\r\n</html>\r\n",
    "sync_date": "2026-06-06"
  },
  {
    "client": "Block Real Estate Services, LLC",
    "stage": "documents",
    "vendor_id": "6a1750d2df078f8120119232",
    "error": "HTTP 429 on /documents: <html>\r\n<head><title>429 Too Many Requests</title></head>\r\n<body>\r\n<center><h1>429 Too Many Requests</h1></center>\r\n<hr><center>nginx</center>\r\n</body>\r\n</html>\r\n",
    "sync_date": "2026-06-06"
  },
  {
    "client": "Block Real Estate Services, LLC",
    "stage": "documents",
    "vendor_id": "6a17544d68ca7e9989502900",
    "error": "HTTP 429 on /documents: <html>\r\n<head><title>429 Too Many Requests</title></head>\r\n<body>\r\n<center><h1>429 Too Many Requests</h1></center>\r\n<hr><center>nginx</center>\r\n</body>\r\n</html>\r\n",
    "sync_date": "2026-06-06"
  },
  {
    "client": "Block Real Estate Services, LLC",
    "stage": "documents",
    "vendor_id": "6a175a7bee5ef0b8dc066236",
    "error": "HTTP 429 on /documents: <html>\r\n<head><title>429 Too Many Requests</title></head>\r\n<body>\r\n<center><h1>429 Too Many Requests</h1></center>\r\n<hr><center>nginx</center>\r\n</body>\r\n</html>\r\n",
    "sync_date": "2026-06-06"
  },
  {
    "client": "Block Real Estate Services, LLC",
    "stage": "documents",
    "vendor_id": "6a1842f8e701796d85d37b7e",
    "error": "HTTP 429 on /documents: <html>\r\n<head><title>429 Too Many Requests</title></head>\r\n<body>\r\n<center><h1>429 Too Many Requests</h1></center>\r\n<hr><center>nginx</center>\r\n</body>\r\n</html>\r\n",
    "sync_date": "2026-06-06"
  },
  {
    "client": "Block Real Estate Services, LLC",
    "stage": "documents",
    "vendor_id": "6a1843228bbe0a0890e87ab8",
    "error": "HTTP 429 on /documents: <html>\r\n<head><title>429 Too Many Requests</title></head>\r\n<body>\r\n<center><h1>429 Too Many Requests</h1></center>\r\n<hr><center>nginx</center>\r\n</body>\r\n</html>\r\n",
    "sync_date": "2026-06-06"
  },
  {
    "client": "Block Real Estate Services, LLC",
    "stage": "documents",
    "vendor_id": "6a184fbc8bbe0a0890eb6a1d",
    "error": "HTTP 429 on /documents: <html>\r\n<head><title>429 Too Many Requests</title></head>\r\n<body>\r\n<center><h1>429 Too Many Requests</h1></center>\r\n<hr><center>nginx</center>\r\n</body>\r\n</html>\r\n",
    "sync_date": "2026-06-06"
  },
  {
    "client": "Block Real Estate Services, LLC",
    "stage": "documents",
    "vendor_id": "6a1855835a886bcac1362a47",
    "error": "HTTP 429 on /documents: <html>\r\n<head><title>429 Too Many Requests</title></head>\r\n<body>\r\n<center><h1>429 Too Many Requests</h1></center>\r\n<hr><center>nginx</center>\r\n</body>\r\n</html>\r\n",
    "sync_date": "2026-06-06"
  },
  {
    "client": "Block Real Estate Services, LLC",
    "stage": "documents",
    "vendor_id": "6a1857e9a4bcce858bf099bb",
    "error": "HTTP 429 on /documents: <html>\r\n<head><title>429 Too Many Requests</title></head>\r\n<body>\r\n<center><h1>429 Too Many Requests</h1></center>\r\n<hr><center>nginx</center>\r\n</body>\r\n</html>\r\n",
    "sync_date": "2026-06-06"
  },
  {
    "client": "Block Real Estate Services, LLC",
    "stage": "documents",
    "vendor_id": "6a185a8317ab90e8a02c371c",
    "error": "HTTP 429 on /documents: <html>\r\n<head><title>429 Too Many Requests</title></head>\r\n<body>\r\n<center><h1>429 Too Many Requests</h1></center>\r\n<hr><center>nginx</center>\r\n</body>\r\n</html>\r\n",
    "sync_date": "2026-06-06"
  },
  {
    "client": "Block Real Estate Services, LLC",
    "stage": "documents",
    "vendor_id": "6a185a9ab517ae25a8797914",
    "error": "HTTP 429 on /documents: <html>\r\n<head><title>429 Too Many Requests</title></head>\r\n<body>\r\n<center><h1>429 Too Many Requests</h1></center>\r\n<hr><center>nginx</center>\r\n</body>\r\n</html>\r\n",
    "sync_date": "2026-06-06"
  },
  {
    "client": "Block Real Estate Services, LLC",
    "stage": "documents",
    "vendor_id": "6a185e8d5a886bcac13878a0",
    "error": "HTTP 429 on /documents: <html>\r\n<head><title>429 Too Many Requests</title></head>\r\n<body>\r\n<center><h1>429 Too Many Requests</h1></center>\r\n<hr><center>nginx</center>\r\n</body>\r\n</html>\r\n",
    "sync_date": "2026-06-06"
  },
  {
    "client": "Block Real Estate Services, LLC",
    "stage": "documents",
    "vendor_id": "6a1863036b3214c65fe64e2c",
    "error": "HTTP 429 on /documents: <html>\r\n<head><title>429 Too Many Requests</title></head>\r\n<body>\r\n<center><h1>429 Too Many Requests</h1></center>\r\n<hr><center>nginx</center>\r\n</body>\r\n</html>\r\n",
    "sync_date": "2026-06-06"
  },
  {
    "client": "Block Real Estate Services, LLC",
    "stage": "documents",
    "vendor_id": "6a1862ef17ab90e8a02e444c",
    "error": "HTTP 429 on /documents: <html>\r\n<head><title>429 Too Many Requests</title></head>\r\n<body>\r\n<center><h1>429 Too Many Requests</h1></center>\r\n<hr><center>nginx</center>\r\n</body>\r\n</html>\r\n",
    "sync_date": "2026-06-06"
  },
  {
    "client": "Block Real Estate Services, LLC",
    "stage": "documents",
    "vendor_id": "6a1866145a886bcac13a5c35",
    "error": "HTTP 429 on /documents: <html>\r\n<head><title>429 Too Many Requests</title></head>\r\n<body>\r\n<center><h1>429 Too Many Requests</h1></center>\r\n<hr><center>nginx</center>\r\n</body>\r\n</html>\r\n",
    "sync_date": "2026-06-06"
  },
  {
    "client": "Block Real Estate Services, LLC",
    "stage": "documents",
    "vendor_id": "6a18721753ab917b1e649498",
    "error": "HTTP 429 on /documents: <html>\r\n<head><title>429 Too Many Requests</title></head>\r\n<body>\r\n<center><h1>429 Too Many Requests</h1></center>\r\n<hr><center>nginx</center>\r\n</body>\r\n</html>\r\n",
    "sync_date": "2026-06-06"
  },
  {
    "client": "Block Real Estate Services, LLC",
    "stage": "documents",
    "vendor_id": "6a18646fe701796d85db75b6",
    "error": "HTTP 429 on /documents: <html>\r\n<head><title>429 Too Many Requests</title></head>\r\n<body>\r\n<center><h1>429 Too Many Requests</h1></center>\r\n<hr><center>nginx</center>\r\n</body>\r\n</html>\r\n",
    "sync_date": "2026-06-06"
  },
  {
    "client": "Block Real Estate Services, LLC",
    "stage": "documents",
    "vendor_id": "6a187768b517ae25a8805ad8",
    "error": "HTTP 429 on /documents: <html>\r\n<head><title>429 Too Many Requests</title></head>\r\n<body>\r\n<center><h1>429 Too Many Requests</h1></center>\r\n<hr><center>nginx</center>\r\n</body>\r\n</html>\r\n",
    "sync_date": "2026-06-06"
  },
  {
    "client": "Block Real Estate Services, LLC",
    "stage": "documents",
    "vendor_id": "6a1dcea405955276b691e1da",
    "error": "HTTP 429 on /documents: <html>\r\n<head><title>429 Too Many Requests</title></head>\r\n<body>\r\n<center><h1>429 Too Many Requests</h1></center>\r\n<hr><center>nginx</center>\r\n</body>\r\n</html>\r\n",
    "sync_date": "2026-06-06"
  },
  {
    "client": "Block Real Estate Services, LLC",
    "stage": "documents",
    "vendor_id": "6a1dd8fdfec65127865d9614",
    "error": "HTTP 429 on /documents: <html>\r\n<head><title>429 Too Many Requests</title></head>\r\n<body>\r\n<center><h1>429 Too Many Requests</h1></center>\r\n<hr><center>nginx</center>\r\n</body>\r\n</html>\r\n",
    "sync_date": "2026-06-06"
  },
  {
    "client": "Block Real Estate Services, LLC",
    "stage": "documents",
    "vendor_id": "6a1ddfeea0ed8c51ab1fa0c7",
    "error": "HTTP 429 on /documents: <html>\r\n<head><title>429 Too Many Requests</title></head>\r\n<body>\r\n<center><h1>429 Too Many Requests</h1></center>\r\n<hr><center>nginx</center>\r\n</body>\r\n</html>\r\n",
    "sync_date": "2026-06-06"
  },
  {
    "client": "Block Real Estate Services, LLC",
    "stage": "documents",
    "vendor_id": "6a1de0142575f4fed4484ab8",
    "error": "HTTP 429 on /documents: <html>\r\n<head><title>429 Too Many Requests</title></head>\r\n<body>\r\n<center><h1>429 Too Many Requests</h1></center>\r\n<hr><center>nginx</center>\r\n</body>\r\n</html>\r\n",
    "sync_date": "2026-06-06"
  },
  {
    "client": "Block Real Estate Services, LLC",
    "stage": "documents",
    "vendor_id": "6a1dec22a0ed8c51ab231e08",
    "error": "HTTP 429 on /documents: <html>\r\n<head><title>429 Too Many Requests</title></head>\r\n<body>\r\n<center><h1>429 Too Many Requests</h1></center>\r\n<hr><center>nginx</center>\r\n</body>\r\n</html>\r\n",
    "sync_date": "2026-06-06"
  },
  {
    "client": "Block Real Estate Services, LLC",
    "stage": "documents",
    "vendor_id": "6a1dec8ab9a647219f2d816b",
    "error": "HTTP 429 on /documents: <html>\r\n<head><title>429 Too Many Requests</title></head>\r\n<body>\r\n<center><h1>429 Too Many Requests</h1></center>\r\n<hr><center>nginx</center>\r\n</body>\r\n</html>\r\n",
    "sync_date": "2026-06-06"
  },
  {
    "client": "Block Real Estate Services, LLC",
    "stage": "documents",
    "vendor_id": "6a1df440fec6512786651841",
    "error": "HTTP 429 on /documents: <html>\r\n<head><title>429 Too Many Requests</title></head>\r\n<body>\r\n<center><h1>429 Too Many Requests</h1></center>\r\n<hr><center>nginx</center>\r\n</body>\r\n</html>\r\n",
    "sync_date": "2026-06-06"
  },
  {
    "client": "Block Real Estate Services, LLC",
    "stage": "documents",
    "vendor_id": "6a1df45b23b401dcff80d7c4",
    "error": "HTTP 429 on /documents: <html>\r\n<head><title>429 Too Many Requests</title></head>\r\n<body>\r\n<center><h1>429 Too Many Requests</h1></center>\r\n<hr><center>nginx</center>\r\n</body>\r\n</html>\r\n",
    "sync_date": "2026-06-06"
  },
  {
    "client": "Block Real Estate Services, LLC",
    "stage": "documents",
    "vendor_id": "6a1df4662575f4fed44df021",
    "error": "HTTP 429 on /documents: <html>\r\n<head><title>429 Too Many Requests</title></head>\r\n<body>\r\n<center><h1>429 Too Many Requests</h1></center>\r\n<hr><center>nginx</center>\r\n</body>\r\n</html>\r\n",
    "sync_date": "2026-06-06"
  },
  {
    "client": "Block Real Estate Services, LLC",
    "stage": "documents",
    "vendor_id": "6a1dfce4a0ed8c51ab262c0b",
    "error": "HTTP 429 on /documents: <html>\r\n<head><title>429 Too Many Requests</title></head>\r\n<body>\r\n<center><h1>429 Too Many Requests</h1></center>\r\n<hr><center>nginx</center>\r\n</body>\r\n</html>\r\n",
    "sync_date": "2026-06-06"
  },
  {
    "client": "Block Real Estate Services, LLC",
    "stage": "documents",
    "vendor_id": "6a1e004c23b401dcff82ac21",
    "error": "HTTP 429 on /documents: <html>\r\n<head><title>429 Too Many Requests</title></head>\r\n<body>\r\n<center><h1>429 Too Many Requests</h1></center>\r\n<hr><center>nginx</center>\r\n</body>\r\n</html>\r\n",
    "sync_date": "2026-06-06"
  }
]